2021-12-23 00:19:12:1912 [34mhttp[39m [34mGET /api/products/ 200 7750 - 20.834 ms[39m
[34m[39m
2021-12-23 00:19:44:1944 [34mhttp[39m [34mGET /api/products/5 200 1275 - 79.360 ms[39m
[34m[39m
2021-12-23 00:19:46:1946 [34mhttp[39m [34mGET /api/products/search/name?product_name=Hot 200 1318 - 29.934 ms[39m
[34m[39m
2021-12-23 00:19:48:1948 [34mhttp[39m [34mGET /api/products/sort/name 200 7750 - 5.106 ms[39m
[34m[39m
2021-12-23 00:19:50:1950 [34mhttp[39m [34mGET /api/products/sort/cat 200 7750 - 5.456 ms[39m
[34m[39m
2021-12-23 00:19:52:1952 [34mhttp[39m [34mGET /api/products/sort/date 200 7750 - 4.517 ms[39m
[34m[39m
2021-12-23 00:19:54:1954 [34mhttp[39m [34mGET /api/products/sort/price 200 7750 - 4.311 ms[39m
[34m[39m
2021-12-23 00:19:59:1959 [34mhttp[39m [34mGET /api/categories 200 3474 - 2.752 ms[39m
[34m[39m
2021-12-23 00:20:02:202 [34mhttp[39m [34mGET /api/categories/16 200 282 - 1.997 ms[39m
[34m[39m
2021-12-23 00:20:04:204 [34mhttp[39m [34mGET /api/categories/sort/category 200 3474 - 5.738 ms[39m
[34m[39m
2021-12-23 00:20:07:207 [34mhttp[39m [34mPOST /api/categories/add 401 144 - 21.962 ms[39m
[34m[39m
2021-12-23 00:20:11:2011 [34mhttp[39m [34mPUT /api/categories/update 401 144 - 1.488 ms[39m
[34m[39m
2021-12-23 00:22:17:2217 [34mhttp[39m [34mGET /api/product/ 404 18 - 2.296 ms[39m
[34m[39m
2021-12-23 00:22:37:2237 [34mhttp[39m [34mGET /api/products/ 200 7750 - 89.248 ms[39m
[34m[39m
2021-12-23 00:26:59:2659 [34mhttp[39m [34mGET /api/bags/ 401 83 - 2.410 ms[39m
[34m[39m
2021-12-23 00:27:06:276 [34mhttp[39m [34mPOST /api/auth/customer 200 315 - 165.935 ms[39m
[34m[39m
2021-12-23 00:27:26:2726 [34mhttp[39m [34mGET /api/bags/ 200 1067 - 73.648 ms[39m
[34m[39m
